<?xml version="1.0" encoding="UTF-8"?>
<!-- Generated by org.testng.reporters.JUnitReportReporter -->
<testsuite hostname="LAPTOP-5TIT49CS" failures="0" tests="1" name="com.Hrms.tests.TestPIMPage" time="16.222" errors="0" timestamp="2024-11-26T11:35:42 IST" skipped="0">
  <testcase classname="com.Hrms.tests.TestPIMPage" name="addEmployee" time="16.222"/>
  <system-out/>
</testsuite> <!-- com.Hrms.tests.TestPIMPage -->
